ERROR - 2026-07-18 11:15:51 --> Error connecting to the database: Exception: Unable to open database: unable to open database file in /home/frank11/Documents/rojo/CodeIgniter/4223-4030/ExamenS4-4223_4030/system/Database/SQLite3/Connection.php:111
Stack trace:
#0 /home/frank11/Documents/rojo/CodeIgniter/4223-4030/ExamenS4-4223_4030/system/Database/SQLite3/Connection.php(111): SQLite3->__construct()
#1 /home/frank11/Documents/rojo/CodeIgniter/4223-4030/ExamenS4-4223_4030/system/Database/BaseConnection.php(555): CodeIgniter\Database\SQLite3\Connection->connect()
#2 /home/frank11/Documents/rojo/CodeIgniter/4223-4030/ExamenS4-4223_4030/system/Database/SQLite3/Connection.php(74): CodeIgniter\Database\BaseConnection->initialize()
#3 /home/frank11/Documents/rojo/CodeIgniter/4223-4030/ExamenS4-4223_4030/system/Database/BaseConnection.php(795): CodeIgniter\Database\SQLite3\Connection->initialize()
#4 /home/frank11/Documents/rojo/CodeIgniter/4223-4030/ExamenS4-4223_4030/system/Database/BaseConnection.php(1706): CodeIgniter\Database\BaseConnection->query()
#5 /home/frank11/Documents/rojo/CodeIgniter/4223-4030/ExamenS4-4223_4030/system/Database/BaseConnection.php(1726): CodeIgniter\Database\BaseConnection->listTables()
#6 /home/frank11/Documents/rojo/CodeIgniter/4223-4030/ExamenS4-4223_4030/system/Database/MigrationRunner.php(821): CodeIgniter\Database\BaseConnection->tableExists()
#7 /home/frank11/Documents/rojo/CodeIgniter/4223-4030/ExamenS4-4223_4030/system/Database/MigrationRunner.php(173): CodeIgniter\Database\MigrationRunner->ensureTable()
#8 /home/frank11/Documents/rojo/CodeIgniter/4223-4030/ExamenS4-4223_4030/system/Commands/Database/Migrate.php(89): CodeIgniter\Database\MigrationRunner->latest()
#9 /home/frank11/Documents/rojo/CodeIgniter/4223-4030/ExamenS4-4223_4030/system/CLI/SignalTrait.php(245): CodeIgniter\Commands\Database\Migrate::CodeIgniter\Commands\Database\{closure}()
#10 /home/frank11/Documents/rojo/CodeIgniter/4223-4030/ExamenS4-4223_4030/system/Commands/Database/Migrate.php(88): CodeIgniter\Commands\Database\Migrate->withSignalsBlocked()
#11 /home/frank11/Documents/rojo/CodeIgniter/4223-4030/ExamenS4-4223_4030/system/CLI/Commands.php(74): CodeIgniter\Commands\Database\Migrate->run()
#12 /home/frank11/Documents/rojo/CodeIgniter/4223-4030/ExamenS4-4223_4030/system/CLI/Console.php(47): CodeIgniter\CLI\Commands->run()
#13 /home/frank11/Documents/rojo/CodeIgniter/4223-4030/ExamenS4-4223_4030/system/Boot.php(442): CodeIgniter\CLI\Console->run()
#14 /home/frank11/Documents/rojo/CodeIgniter/4223-4030/ExamenS4-4223_4030/system/Boot.php(166): CodeIgniter\Boot::runCommand()
#15 /home/frank11/Documents/rojo/CodeIgniter/4223-4030/ExamenS4-4223_4030/spark(87): CodeIgniter\Boot::bootSpark()
#16 {main}

Next CodeIgniter\Database\Exceptions\DatabaseException: SQLite3 error: Unable to open database: unable to open database file in /home/frank11/Documents/rojo/CodeIgniter/4223-4030/ExamenS4-4223_4030/system/Database/SQLite3/Connection.php:118
Stack trace:
#0 /home/frank11/Documents/rojo/CodeIgniter/4223-4030/ExamenS4-4223_4030/system/Database/BaseConnection.php(555): CodeIgniter\Database\SQLite3\Connection->connect()
#1 /home/frank11/Documents/rojo/CodeIgniter/4223-4030/ExamenS4-4223_4030/system/Database/SQLite3/Connection.php(74): CodeIgniter\Database\BaseConnection->initialize()
#2 /home/frank11/Documents/rojo/CodeIgniter/4223-4030/ExamenS4-4223_4030/system/Database/BaseConnection.php(795): CodeIgniter\Database\SQLite3\Connection->initialize()
#3 /home/frank11/Documents/rojo/CodeIgniter/4223-4030/ExamenS4-4223_4030/system/Database/BaseConnection.php(1706): CodeIgniter\Database\BaseConnection->query()
#4 /home/frank11/Documents/rojo/CodeIgniter/4223-4030/ExamenS4-4223_4030/system/Database/BaseConnection.php(1726): CodeIgniter\Database\BaseConnection->listTables()
#5 /home/frank11/Documents/rojo/CodeIgniter/4223-4030/ExamenS4-4223_4030/system/Database/MigrationRunner.php(821): CodeIgniter\Database\BaseConnection->tableExists()
#6 /home/frank11/Documents/rojo/CodeIgniter/4223-4030/ExamenS4-4223_4030/system/Database/MigrationRunner.php(173): CodeIgniter\Database\MigrationRunner->ensureTable()
#7 /home/frank11/Documents/rojo/CodeIgniter/4223-4030/ExamenS4-4223_4030/system/Commands/Database/Migrate.php(89): CodeIgniter\Database\MigrationRunner->latest()
#8 /home/frank11/Documents/rojo/CodeIgniter/4223-4030/ExamenS4-4223_4030/system/CLI/SignalTrait.php(245): CodeIgniter\Commands\Database\Migrate::CodeIgniter\Commands\Database\{closure}()
#9 /home/frank11/Documents/rojo/CodeIgniter/4223-4030/ExamenS4-4223_4030/system/Commands/Database/Migrate.php(88): CodeIgniter\Commands\Database\Migrate->withSignalsBlocked()
#10 /home/frank11/Documents/rojo/CodeIgniter/4223-4030/ExamenS4-4223_4030/system/CLI/Commands.php(74): CodeIgniter\Commands\Database\Migrate->run()
#11 /home/frank11/Documents/rojo/CodeIgniter/4223-4030/ExamenS4-4223_4030/system/CLI/Console.php(47): CodeIgniter\CLI\Commands->run()
#12 /home/frank11/Documents/rojo/CodeIgniter/4223-4030/ExamenS4-4223_4030/system/Boot.php(442): CodeIgniter\CLI\Console->run()
#13 /home/frank11/Documents/rojo/CodeIgniter/4223-4030/ExamenS4-4223_4030/system/Boot.php(166): CodeIgniter\Boot::runCommand()
#14 /home/frank11/Documents/rojo/CodeIgniter/4223-4030/ExamenS4-4223_4030/spark(87): CodeIgniter\Boot::bootSpark()
#15 {main}
ERROR - 2026-07-18 11:17:09 --> Error connecting to the database: Exception: Unable to open database: unable to open database file in /home/frank11/Documents/rojo/CodeIgniter/4223-4030/ExamenS4-4223_4030/system/Database/SQLite3/Connection.php:111
Stack trace:
#0 /home/frank11/Documents/rojo/CodeIgniter/4223-4030/ExamenS4-4223_4030/system/Database/SQLite3/Connection.php(111): SQLite3->__construct()
#1 /home/frank11/Documents/rojo/CodeIgniter/4223-4030/ExamenS4-4223_4030/system/Database/BaseConnection.php(555): CodeIgniter\Database\SQLite3\Connection->connect()
#2 /home/frank11/Documents/rojo/CodeIgniter/4223-4030/ExamenS4-4223_4030/system/Database/SQLite3/Connection.php(74): CodeIgniter\Database\BaseConnection->initialize()
#3 /home/frank11/Documents/rojo/CodeIgniter/4223-4030/ExamenS4-4223_4030/system/Database/BaseConnection.php(795): CodeIgniter\Database\SQLite3\Connection->initialize()
#4 /home/frank11/Documents/rojo/CodeIgniter/4223-4030/ExamenS4-4223_4030/system/Database/BaseConnection.php(1706): CodeIgniter\Database\BaseConnection->query()
#5 /home/frank11/Documents/rojo/CodeIgniter/4223-4030/ExamenS4-4223_4030/system/Database/BaseConnection.php(1726): CodeIgniter\Database\BaseConnection->listTables()
#6 /home/frank11/Documents/rojo/CodeIgniter/4223-4030/ExamenS4-4223_4030/system/Database/MigrationRunner.php(821): CodeIgniter\Database\BaseConnection->tableExists()
#7 /home/frank11/Documents/rojo/CodeIgniter/4223-4030/ExamenS4-4223_4030/system/Database/MigrationRunner.php(173): CodeIgniter\Database\MigrationRunner->ensureTable()
#8 /home/frank11/Documents/rojo/CodeIgniter/4223-4030/ExamenS4-4223_4030/system/Commands/Database/Migrate.php(89): CodeIgniter\Database\MigrationRunner->latest()
#9 /home/frank11/Documents/rojo/CodeIgniter/4223-4030/ExamenS4-4223_4030/system/CLI/SignalTrait.php(245): CodeIgniter\Commands\Database\Migrate::CodeIgniter\Commands\Database\{closure}()
#10 /home/frank11/Documents/rojo/CodeIgniter/4223-4030/ExamenS4-4223_4030/system/Commands/Database/Migrate.php(88): CodeIgniter\Commands\Database\Migrate->withSignalsBlocked()
#11 /home/frank11/Documents/rojo/CodeIgniter/4223-4030/ExamenS4-4223_4030/system/CLI/Commands.php(74): CodeIgniter\Commands\Database\Migrate->run()
#12 /home/frank11/Documents/rojo/CodeIgniter/4223-4030/ExamenS4-4223_4030/system/CLI/Console.php(47): CodeIgniter\CLI\Commands->run()
#13 /home/frank11/Documents/rojo/CodeIgniter/4223-4030/ExamenS4-4223_4030/system/Boot.php(442): CodeIgniter\CLI\Console->run()
#14 /home/frank11/Documents/rojo/CodeIgniter/4223-4030/ExamenS4-4223_4030/system/Boot.php(166): CodeIgniter\Boot::runCommand()
#15 /home/frank11/Documents/rojo/CodeIgniter/4223-4030/ExamenS4-4223_4030/spark(87): CodeIgniter\Boot::bootSpark()
#16 {main}

Next CodeIgniter\Database\Exceptions\DatabaseException: SQLite3 error: Unable to open database: unable to open database file in /home/frank11/Documents/rojo/CodeIgniter/4223-4030/ExamenS4-4223_4030/system/Database/SQLite3/Connection.php:118
Stack trace:
#0 /home/frank11/Documents/rojo/CodeIgniter/4223-4030/ExamenS4-4223_4030/system/Database/BaseConnection.php(555): CodeIgniter\Database\SQLite3\Connection->connect()
#1 /home/frank11/Documents/rojo/CodeIgniter/4223-4030/ExamenS4-4223_4030/system/Database/SQLite3/Connection.php(74): CodeIgniter\Database\BaseConnection->initialize()
#2 /home/frank11/Documents/rojo/CodeIgniter/4223-4030/ExamenS4-4223_4030/system/Database/BaseConnection.php(795): CodeIgniter\Database\SQLite3\Connection->initialize()
#3 /home/frank11/Documents/rojo/CodeIgniter/4223-4030/ExamenS4-4223_4030/system/Database/BaseConnection.php(1706): CodeIgniter\Database\BaseConnection->query()
#4 /home/frank11/Documents/rojo/CodeIgniter/4223-4030/ExamenS4-4223_4030/system/Database/BaseConnection.php(1726): CodeIgniter\Database\BaseConnection->listTables()
#5 /home/frank11/Documents/rojo/CodeIgniter/4223-4030/ExamenS4-4223_4030/system/Database/MigrationRunner.php(821): CodeIgniter\Database\BaseConnection->tableExists()
#6 /home/frank11/Documents/rojo/CodeIgniter/4223-4030/ExamenS4-4223_4030/system/Database/MigrationRunner.php(173): CodeIgniter\Database\MigrationRunner->ensureTable()
#7 /home/frank11/Documents/rojo/CodeIgniter/4223-4030/ExamenS4-4223_4030/system/Commands/Database/Migrate.php(89): CodeIgniter\Database\MigrationRunner->latest()
#8 /home/frank11/Documents/rojo/CodeIgniter/4223-4030/ExamenS4-4223_4030/system/CLI/SignalTrait.php(245): CodeIgniter\Commands\Database\Migrate::CodeIgniter\Commands\Database\{closure}()
#9 /home/frank11/Documents/rojo/CodeIgniter/4223-4030/ExamenS4-4223_4030/system/Commands/Database/Migrate.php(88): CodeIgniter\Commands\Database\Migrate->withSignalsBlocked()
#10 /home/frank11/Documents/rojo/CodeIgniter/4223-4030/ExamenS4-4223_4030/system/CLI/Commands.php(74): CodeIgniter\Commands\Database\Migrate->run()
#11 /home/frank11/Documents/rojo/CodeIgniter/4223-4030/ExamenS4-4223_4030/system/CLI/Console.php(47): CodeIgniter\CLI\Commands->run()
#12 /home/frank11/Documents/rojo/CodeIgniter/4223-4030/ExamenS4-4223_4030/system/Boot.php(442): CodeIgniter\CLI\Console->run()
#13 /home/frank11/Documents/rojo/CodeIgniter/4223-4030/ExamenS4-4223_4030/system/Boot.php(166): CodeIgniter\Boot::runCommand()
#14 /home/frank11/Documents/rojo/CodeIgniter/4223-4030/ExamenS4-4223_4030/spark(87): CodeIgniter\Boot::bootSpark()
#15 {main}
ERROR - 2026-07-18 11:18:41 --> Error connecting to the database: Exception: Unable to open database: unable to open database file in /home/frank11/Documents/rojo/CodeIgniter/4223-4030/ExamenS4-4223_4030/system/Database/SQLite3/Connection.php:111
Stack trace:
#0 /home/frank11/Documents/rojo/CodeIgniter/4223-4030/ExamenS4-4223_4030/system/Database/SQLite3/Connection.php(111): SQLite3->__construct()
#1 /home/frank11/Documents/rojo/CodeIgniter/4223-4030/ExamenS4-4223_4030/system/Database/BaseConnection.php(555): CodeIgniter\Database\SQLite3\Connection->connect()
#2 /home/frank11/Documents/rojo/CodeIgniter/4223-4030/ExamenS4-4223_4030/system/Database/SQLite3/Connection.php(74): CodeIgniter\Database\BaseConnection->initialize()
#3 /home/frank11/Documents/rojo/CodeIgniter/4223-4030/ExamenS4-4223_4030/system/Database/BaseConnection.php(795): CodeIgniter\Database\SQLite3\Connection->initialize()
#4 /home/frank11/Documents/rojo/CodeIgniter/4223-4030/ExamenS4-4223_4030/system/Database/BaseConnection.php(1706): CodeIgniter\Database\BaseConnection->query()
#5 /home/frank11/Documents/rojo/CodeIgniter/4223-4030/ExamenS4-4223_4030/system/Database/BaseConnection.php(1726): CodeIgniter\Database\BaseConnection->listTables()
#6 /home/frank11/Documents/rojo/CodeIgniter/4223-4030/ExamenS4-4223_4030/system/Database/MigrationRunner.php(821): CodeIgniter\Database\BaseConnection->tableExists()
#7 /home/frank11/Documents/rojo/CodeIgniter/4223-4030/ExamenS4-4223_4030/system/Database/MigrationRunner.php(173): CodeIgniter\Database\MigrationRunner->ensureTable()
#8 /home/frank11/Documents/rojo/CodeIgniter/4223-4030/ExamenS4-4223_4030/system/Commands/Database/Migrate.php(89): CodeIgniter\Database\MigrationRunner->latest()
#9 /home/frank11/Documents/rojo/CodeIgniter/4223-4030/ExamenS4-4223_4030/system/CLI/SignalTrait.php(245): CodeIgniter\Commands\Database\Migrate::CodeIgniter\Commands\Database\{closure}()
#10 /home/frank11/Documents/rojo/CodeIgniter/4223-4030/ExamenS4-4223_4030/system/Commands/Database/Migrate.php(88): CodeIgniter\Commands\Database\Migrate->withSignalsBlocked()
#11 /home/frank11/Documents/rojo/CodeIgniter/4223-4030/ExamenS4-4223_4030/system/CLI/Commands.php(74): CodeIgniter\Commands\Database\Migrate->run()
#12 /home/frank11/Documents/rojo/CodeIgniter/4223-4030/ExamenS4-4223_4030/system/CLI/Console.php(47): CodeIgniter\CLI\Commands->run()
#13 /home/frank11/Documents/rojo/CodeIgniter/4223-4030/ExamenS4-4223_4030/system/Boot.php(442): CodeIgniter\CLI\Console->run()
#14 /home/frank11/Documents/rojo/CodeIgniter/4223-4030/ExamenS4-4223_4030/system/Boot.php(166): CodeIgniter\Boot::runCommand()
#15 /home/frank11/Documents/rojo/CodeIgniter/4223-4030/ExamenS4-4223_4030/spark(87): CodeIgniter\Boot::bootSpark()
#16 {main}

Next CodeIgniter\Database\Exceptions\DatabaseException: SQLite3 error: Unable to open database: unable to open database file in /home/frank11/Documents/rojo/CodeIgniter/4223-4030/ExamenS4-4223_4030/system/Database/SQLite3/Connection.php:118
Stack trace:
#0 /home/frank11/Documents/rojo/CodeIgniter/4223-4030/ExamenS4-4223_4030/system/Database/BaseConnection.php(555): CodeIgniter\Database\SQLite3\Connection->connect()
#1 /home/frank11/Documents/rojo/CodeIgniter/4223-4030/ExamenS4-4223_4030/system/Database/SQLite3/Connection.php(74): CodeIgniter\Database\BaseConnection->initialize()
#2 /home/frank11/Documents/rojo/CodeIgniter/4223-4030/ExamenS4-4223_4030/system/Database/BaseConnection.php(795): CodeIgniter\Database\SQLite3\Connection->initialize()
#3 /home/frank11/Documents/rojo/CodeIgniter/4223-4030/ExamenS4-4223_4030/system/Database/BaseConnection.php(1706): CodeIgniter\Database\BaseConnection->query()
#4 /home/frank11/Documents/rojo/CodeIgniter/4223-4030/ExamenS4-4223_4030/system/Database/BaseConnection.php(1726): CodeIgniter\Database\BaseConnection->listTables()
#5 /home/frank11/Documents/rojo/CodeIgniter/4223-4030/ExamenS4-4223_4030/system/Database/MigrationRunner.php(821): CodeIgniter\Database\BaseConnection->tableExists()
#6 /home/frank11/Documents/rojo/CodeIgniter/4223-4030/ExamenS4-4223_4030/system/Database/MigrationRunner.php(173): CodeIgniter\Database\MigrationRunner->ensureTable()
#7 /home/frank11/Documents/rojo/CodeIgniter/4223-4030/ExamenS4-4223_4030/system/Commands/Database/Migrate.php(89): CodeIgniter\Database\MigrationRunner->latest()
#8 /home/frank11/Documents/rojo/CodeIgniter/4223-4030/ExamenS4-4223_4030/system/CLI/SignalTrait.php(245): CodeIgniter\Commands\Database\Migrate::CodeIgniter\Commands\Database\{closure}()
#9 /home/frank11/Documents/rojo/CodeIgniter/4223-4030/ExamenS4-4223_4030/system/Commands/Database/Migrate.php(88): CodeIgniter\Commands\Database\Migrate->withSignalsBlocked()
#10 /home/frank11/Documents/rojo/CodeIgniter/4223-4030/ExamenS4-4223_4030/system/CLI/Commands.php(74): CodeIgniter\Commands\Database\Migrate->run()
#11 /home/frank11/Documents/rojo/CodeIgniter/4223-4030/ExamenS4-4223_4030/system/CLI/Console.php(47): CodeIgniter\CLI\Commands->run()
#12 /home/frank11/Documents/rojo/CodeIgniter/4223-4030/ExamenS4-4223_4030/system/Boot.php(442): CodeIgniter\CLI\Console->run()
#13 /home/frank11/Documents/rojo/CodeIgniter/4223-4030/ExamenS4-4223_4030/system/Boot.php(166): CodeIgniter\Boot::runCommand()
#14 /home/frank11/Documents/rojo/CodeIgniter/4223-4030/ExamenS4-4223_4030/spark(87): CodeIgniter\Boot::bootSpark()
#15 {main}
CRITICAL - 2026-07-18 11:25:21 --> ErrorException: Constant expression contains invalid operations
[Method: CLI, Route: migrate]
in APPPATH/Config/Database.php on line 27.
 1 [internal function]: CodeIgniter\Debug\Exceptions->shutdownHandler()
ERROR - 2026-07-18 11:26:34 --> Error connecting to the database: Exception: Unable to open database: unable to open database file in /home/frank11/Documents/rojo/CodeIgniter/4223-4030/ExamenS4-4223_4030/system/Database/SQLite3/Connection.php:111
Stack trace:
#0 /home/frank11/Documents/rojo/CodeIgniter/4223-4030/ExamenS4-4223_4030/system/Database/SQLite3/Connection.php(111): SQLite3->__construct()
#1 /home/frank11/Documents/rojo/CodeIgniter/4223-4030/ExamenS4-4223_4030/system/Database/BaseConnection.php(555): CodeIgniter\Database\SQLite3\Connection->connect()
#2 /home/frank11/Documents/rojo/CodeIgniter/4223-4030/ExamenS4-4223_4030/system/Database/SQLite3/Connection.php(74): CodeIgniter\Database\BaseConnection->initialize()
#3 /home/frank11/Documents/rojo/CodeIgniter/4223-4030/ExamenS4-4223_4030/system/Database/BaseConnection.php(795): CodeIgniter\Database\SQLite3\Connection->initialize()
#4 /home/frank11/Documents/rojo/CodeIgniter/4223-4030/ExamenS4-4223_4030/system/Database/BaseConnection.php(1706): CodeIgniter\Database\BaseConnection->query()
#5 /home/frank11/Documents/rojo/CodeIgniter/4223-4030/ExamenS4-4223_4030/system/Database/BaseConnection.php(1726): CodeIgniter\Database\BaseConnection->listTables()
#6 /home/frank11/Documents/rojo/CodeIgniter/4223-4030/ExamenS4-4223_4030/system/Database/MigrationRunner.php(821): CodeIgniter\Database\BaseConnection->tableExists()
#7 /home/frank11/Documents/rojo/CodeIgniter/4223-4030/ExamenS4-4223_4030/system/Database/MigrationRunner.php(173): CodeIgniter\Database\MigrationRunner->ensureTable()
#8 /home/frank11/Documents/rojo/CodeIgniter/4223-4030/ExamenS4-4223_4030/system/Commands/Database/Migrate.php(89): CodeIgniter\Database\MigrationRunner->latest()
#9 /home/frank11/Documents/rojo/CodeIgniter/4223-4030/ExamenS4-4223_4030/system/CLI/SignalTrait.php(245): CodeIgniter\Commands\Database\Migrate::CodeIgniter\Commands\Database\{closure}()
#10 /home/frank11/Documents/rojo/CodeIgniter/4223-4030/ExamenS4-4223_4030/system/Commands/Database/Migrate.php(88): CodeIgniter\Commands\Database\Migrate->withSignalsBlocked()
#11 /home/frank11/Documents/rojo/CodeIgniter/4223-4030/ExamenS4-4223_4030/system/CLI/Commands.php(74): CodeIgniter\Commands\Database\Migrate->run()
#12 /home/frank11/Documents/rojo/CodeIgniter/4223-4030/ExamenS4-4223_4030/system/CLI/Console.php(47): CodeIgniter\CLI\Commands->run()
#13 /home/frank11/Documents/rojo/CodeIgniter/4223-4030/ExamenS4-4223_4030/system/Boot.php(442): CodeIgniter\CLI\Console->run()
#14 /home/frank11/Documents/rojo/CodeIgniter/4223-4030/ExamenS4-4223_4030/system/Boot.php(166): CodeIgniter\Boot::runCommand()
#15 /home/frank11/Documents/rojo/CodeIgniter/4223-4030/ExamenS4-4223_4030/spark(87): CodeIgniter\Boot::bootSpark()
#16 {main}

Next CodeIgniter\Database\Exceptions\DatabaseException: SQLite3 error: Unable to open database: unable to open database file in /home/frank11/Documents/rojo/CodeIgniter/4223-4030/ExamenS4-4223_4030/system/Database/SQLite3/Connection.php:118
Stack trace:
#0 /home/frank11/Documents/rojo/CodeIgniter/4223-4030/ExamenS4-4223_4030/system/Database/BaseConnection.php(555): CodeIgniter\Database\SQLite3\Connection->connect()
#1 /home/frank11/Documents/rojo/CodeIgniter/4223-4030/ExamenS4-4223_4030/system/Database/SQLite3/Connection.php(74): CodeIgniter\Database\BaseConnection->initialize()
#2 /home/frank11/Documents/rojo/CodeIgniter/4223-4030/ExamenS4-4223_4030/system/Database/BaseConnection.php(795): CodeIgniter\Database\SQLite3\Connection->initialize()
#3 /home/frank11/Documents/rojo/CodeIgniter/4223-4030/ExamenS4-4223_4030/system/Database/BaseConnection.php(1706): CodeIgniter\Database\BaseConnection->query()
#4 /home/frank11/Documents/rojo/CodeIgniter/4223-4030/ExamenS4-4223_4030/system/Database/BaseConnection.php(1726): CodeIgniter\Database\BaseConnection->listTables()
#5 /home/frank11/Documents/rojo/CodeIgniter/4223-4030/ExamenS4-4223_4030/system/Database/MigrationRunner.php(821): CodeIgniter\Database\BaseConnection->tableExists()
#6 /home/frank11/Documents/rojo/CodeIgniter/4223-4030/ExamenS4-4223_4030/system/Database/MigrationRunner.php(173): CodeIgniter\Database\MigrationRunner->ensureTable()
#7 /home/frank11/Documents/rojo/CodeIgniter/4223-4030/ExamenS4-4223_4030/system/Commands/Database/Migrate.php(89): CodeIgniter\Database\MigrationRunner->latest()
#8 /home/frank11/Documents/rojo/CodeIgniter/4223-4030/ExamenS4-4223_4030/system/CLI/SignalTrait.php(245): CodeIgniter\Commands\Database\Migrate::CodeIgniter\Commands\Database\{closure}()
#9 /home/frank11/Documents/rojo/CodeIgniter/4223-4030/ExamenS4-4223_4030/system/Commands/Database/Migrate.php(88): CodeIgniter\Commands\Database\Migrate->withSignalsBlocked()
#10 /home/frank11/Documents/rojo/CodeIgniter/4223-4030/ExamenS4-4223_4030/system/CLI/Commands.php(74): CodeIgniter\Commands\Database\Migrate->run()
#11 /home/frank11/Documents/rojo/CodeIgniter/4223-4030/ExamenS4-4223_4030/system/CLI/Console.php(47): CodeIgniter\CLI\Commands->run()
#12 /home/frank11/Documents/rojo/CodeIgniter/4223-4030/ExamenS4-4223_4030/system/Boot.php(442): CodeIgniter\CLI\Console->run()
#13 /home/frank11/Documents/rojo/CodeIgniter/4223-4030/ExamenS4-4223_4030/system/Boot.php(166): CodeIgniter\Boot::runCommand()
#14 /home/frank11/Documents/rojo/CodeIgniter/4223-4030/ExamenS4-4223_4030/spark(87): CodeIgniter\Boot::bootSpark()
#15 {main}
ERROR - 2026-07-18 11:27:30 --> Error connecting to the database: Exception: Unable to open database: unable to open database file in /home/frank11/Documents/rojo/CodeIgniter/4223-4030/ExamenS4-4223_4030/system/Database/SQLite3/Connection.php:111
Stack trace:
#0 /home/frank11/Documents/rojo/CodeIgniter/4223-4030/ExamenS4-4223_4030/system/Database/SQLite3/Connection.php(111): SQLite3->__construct()
#1 /home/frank11/Documents/rojo/CodeIgniter/4223-4030/ExamenS4-4223_4030/system/Database/BaseConnection.php(555): CodeIgniter\Database\SQLite3\Connection->connect()
#2 /home/frank11/Documents/rojo/CodeIgniter/4223-4030/ExamenS4-4223_4030/system/Database/SQLite3/Connection.php(74): CodeIgniter\Database\BaseConnection->initialize()
#3 /home/frank11/Documents/rojo/CodeIgniter/4223-4030/ExamenS4-4223_4030/system/Database/BaseConnection.php(795): CodeIgniter\Database\SQLite3\Connection->initialize()
#4 /home/frank11/Documents/rojo/CodeIgniter/4223-4030/ExamenS4-4223_4030/system/Database/BaseConnection.php(1706): CodeIgniter\Database\BaseConnection->query()
#5 /home/frank11/Documents/rojo/CodeIgniter/4223-4030/ExamenS4-4223_4030/system/Database/BaseConnection.php(1726): CodeIgniter\Database\BaseConnection->listTables()
#6 /home/frank11/Documents/rojo/CodeIgniter/4223-4030/ExamenS4-4223_4030/system/Database/MigrationRunner.php(821): CodeIgniter\Database\BaseConnection->tableExists()
#7 /home/frank11/Documents/rojo/CodeIgniter/4223-4030/ExamenS4-4223_4030/system/Database/MigrationRunner.php(173): CodeIgniter\Database\MigrationRunner->ensureTable()
#8 /home/frank11/Documents/rojo/CodeIgniter/4223-4030/ExamenS4-4223_4030/system/Commands/Database/Migrate.php(89): CodeIgniter\Database\MigrationRunner->latest()
#9 /home/frank11/Documents/rojo/CodeIgniter/4223-4030/ExamenS4-4223_4030/system/CLI/SignalTrait.php(245): CodeIgniter\Commands\Database\Migrate::CodeIgniter\Commands\Database\{closure}()
#10 /home/frank11/Documents/rojo/CodeIgniter/4223-4030/ExamenS4-4223_4030/system/Commands/Database/Migrate.php(88): CodeIgniter\Commands\Database\Migrate->withSignalsBlocked()
#11 /home/frank11/Documents/rojo/CodeIgniter/4223-4030/ExamenS4-4223_4030/system/CLI/Commands.php(74): CodeIgniter\Commands\Database\Migrate->run()
#12 /home/frank11/Documents/rojo/CodeIgniter/4223-4030/ExamenS4-4223_4030/system/CLI/Console.php(47): CodeIgniter\CLI\Commands->run()
#13 /home/frank11/Documents/rojo/CodeIgniter/4223-4030/ExamenS4-4223_4030/system/Boot.php(442): CodeIgniter\CLI\Console->run()
#14 /home/frank11/Documents/rojo/CodeIgniter/4223-4030/ExamenS4-4223_4030/system/Boot.php(166): CodeIgniter\Boot::runCommand()
#15 /home/frank11/Documents/rojo/CodeIgniter/4223-4030/ExamenS4-4223_4030/spark(87): CodeIgniter\Boot::bootSpark()
#16 {main}

Next CodeIgniter\Database\Exceptions\DatabaseException: SQLite3 error: Unable to open database: unable to open database file in /home/frank11/Documents/rojo/CodeIgniter/4223-4030/ExamenS4-4223_4030/system/Database/SQLite3/Connection.php:118
Stack trace:
#0 /home/frank11/Documents/rojo/CodeIgniter/4223-4030/ExamenS4-4223_4030/system/Database/BaseConnection.php(555): CodeIgniter\Database\SQLite3\Connection->connect()
#1 /home/frank11/Documents/rojo/CodeIgniter/4223-4030/ExamenS4-4223_4030/system/Database/SQLite3/Connection.php(74): CodeIgniter\Database\BaseConnection->initialize()
#2 /home/frank11/Documents/rojo/CodeIgniter/4223-4030/ExamenS4-4223_4030/system/Database/BaseConnection.php(795): CodeIgniter\Database\SQLite3\Connection->initialize()
#3 /home/frank11/Documents/rojo/CodeIgniter/4223-4030/ExamenS4-4223_4030/system/Database/BaseConnection.php(1706): CodeIgniter\Database\BaseConnection->query()
#4 /home/frank11/Documents/rojo/CodeIgniter/4223-4030/ExamenS4-4223_4030/system/Database/BaseConnection.php(1726): CodeIgniter\Database\BaseConnection->listTables()
#5 /home/frank11/Documents/rojo/CodeIgniter/4223-4030/ExamenS4-4223_4030/system/Database/MigrationRunner.php(821): CodeIgniter\Database\BaseConnection->tableExists()
#6 /home/frank11/Documents/rojo/CodeIgniter/4223-4030/ExamenS4-4223_4030/system/Database/MigrationRunner.php(173): CodeIgniter\Database\MigrationRunner->ensureTable()
#7 /home/frank11/Documents/rojo/CodeIgniter/4223-4030/ExamenS4-4223_4030/system/Commands/Database/Migrate.php(89): CodeIgniter\Database\MigrationRunner->latest()
#8 /home/frank11/Documents/rojo/CodeIgniter/4223-4030/ExamenS4-4223_4030/system/CLI/SignalTrait.php(245): CodeIgniter\Commands\Database\Migrate::CodeIgniter\Commands\Database\{closure}()
#9 /home/frank11/Documents/rojo/CodeIgniter/4223-4030/ExamenS4-4223_4030/system/Commands/Database/Migrate.php(88): CodeIgniter\Commands\Database\Migrate->withSignalsBlocked()
#10 /home/frank11/Documents/rojo/CodeIgniter/4223-4030/ExamenS4-4223_4030/system/CLI/Commands.php(74): CodeIgniter\Commands\Database\Migrate->run()
#11 /home/frank11/Documents/rojo/CodeIgniter/4223-4030/ExamenS4-4223_4030/system/CLI/Console.php(47): CodeIgniter\CLI\Commands->run()
#12 /home/frank11/Documents/rojo/CodeIgniter/4223-4030/ExamenS4-4223_4030/system/Boot.php(442): CodeIgniter\CLI\Console->run()
#13 /home/frank11/Documents/rojo/CodeIgniter/4223-4030/ExamenS4-4223_4030/system/Boot.php(166): CodeIgniter\Boot::runCommand()
#14 /home/frank11/Documents/rojo/CodeIgniter/4223-4030/ExamenS4-4223_4030/spark(87): CodeIgniter\Boot::bootSpark()
#15 {main}
ERROR - 2026-07-18 11:35:46 --> Error connecting to the database: Exception: Unable to open database: unable to open database file in /home/frank11/Documents/rojo/CodeIgniter/4223-4030/ExamenS4-4223_4030/system/Database/SQLite3/Connection.php:111
Stack trace:
#0 /home/frank11/Documents/rojo/CodeIgniter/4223-4030/ExamenS4-4223_4030/system/Database/SQLite3/Connection.php(111): SQLite3->__construct()
#1 /home/frank11/Documents/rojo/CodeIgniter/4223-4030/ExamenS4-4223_4030/system/Database/BaseConnection.php(555): CodeIgniter\Database\SQLite3\Connection->connect()
#2 /home/frank11/Documents/rojo/CodeIgniter/4223-4030/ExamenS4-4223_4030/system/Database/SQLite3/Connection.php(74): CodeIgniter\Database\BaseConnection->initialize()
#3 /home/frank11/Documents/rojo/CodeIgniter/4223-4030/ExamenS4-4223_4030/system/Database/BaseConnection.php(795): CodeIgniter\Database\SQLite3\Connection->initialize()
#4 /home/frank11/Documents/rojo/CodeIgniter/4223-4030/ExamenS4-4223_4030/system/Database/BaseConnection.php(1706): CodeIgniter\Database\BaseConnection->query()
#5 /home/frank11/Documents/rojo/CodeIgniter/4223-4030/ExamenS4-4223_4030/system/Database/BaseConnection.php(1726): CodeIgniter\Database\BaseConnection->listTables()
#6 /home/frank11/Documents/rojo/CodeIgniter/4223-4030/ExamenS4-4223_4030/system/Database/MigrationRunner.php(821): CodeIgniter\Database\BaseConnection->tableExists()
#7 /home/frank11/Documents/rojo/CodeIgniter/4223-4030/ExamenS4-4223_4030/system/Database/MigrationRunner.php(173): CodeIgniter\Database\MigrationRunner->ensureTable()
#8 /home/frank11/Documents/rojo/CodeIgniter/4223-4030/ExamenS4-4223_4030/system/Commands/Database/Migrate.php(89): CodeIgniter\Database\MigrationRunner->latest()
#9 /home/frank11/Documents/rojo/CodeIgniter/4223-4030/ExamenS4-4223_4030/system/CLI/SignalTrait.php(245): CodeIgniter\Commands\Database\Migrate::CodeIgniter\Commands\Database\{closure}()
#10 /home/frank11/Documents/rojo/CodeIgniter/4223-4030/ExamenS4-4223_4030/system/Commands/Database/Migrate.php(88): CodeIgniter\Commands\Database\Migrate->withSignalsBlocked()
#11 /home/frank11/Documents/rojo/CodeIgniter/4223-4030/ExamenS4-4223_4030/system/CLI/Commands.php(74): CodeIgniter\Commands\Database\Migrate->run()
#12 /home/frank11/Documents/rojo/CodeIgniter/4223-4030/ExamenS4-4223_4030/system/CLI/Console.php(47): CodeIgniter\CLI\Commands->run()
#13 /home/frank11/Documents/rojo/CodeIgniter/4223-4030/ExamenS4-4223_4030/system/Boot.php(442): CodeIgniter\CLI\Console->run()
#14 /home/frank11/Documents/rojo/CodeIgniter/4223-4030/ExamenS4-4223_4030/system/Boot.php(166): CodeIgniter\Boot::runCommand()
#15 /home/frank11/Documents/rojo/CodeIgniter/4223-4030/ExamenS4-4223_4030/spark(87): CodeIgniter\Boot::bootSpark()
#16 {main}

Next CodeIgniter\Database\Exceptions\DatabaseException: SQLite3 error: Unable to open database: unable to open database file in /home/frank11/Documents/rojo/CodeIgniter/4223-4030/ExamenS4-4223_4030/system/Database/SQLite3/Connection.php:118
Stack trace:
#0 /home/frank11/Documents/rojo/CodeIgniter/4223-4030/ExamenS4-4223_4030/system/Database/BaseConnection.php(555): CodeIgniter\Database\SQLite3\Connection->connect()
#1 /home/frank11/Documents/rojo/CodeIgniter/4223-4030/ExamenS4-4223_4030/system/Database/SQLite3/Connection.php(74): CodeIgniter\Database\BaseConnection->initialize()
#2 /home/frank11/Documents/rojo/CodeIgniter/4223-4030/ExamenS4-4223_4030/system/Database/BaseConnection.php(795): CodeIgniter\Database\SQLite3\Connection->initialize()
#3 /home/frank11/Documents/rojo/CodeIgniter/4223-4030/ExamenS4-4223_4030/system/Database/BaseConnection.php(1706): CodeIgniter\Database\BaseConnection->query()
#4 /home/frank11/Documents/rojo/CodeIgniter/4223-4030/ExamenS4-4223_4030/system/Database/BaseConnection.php(1726): CodeIgniter\Database\BaseConnection->listTables()
#5 /home/frank11/Documents/rojo/CodeIgniter/4223-4030/ExamenS4-4223_4030/system/Database/MigrationRunner.php(821): CodeIgniter\Database\BaseConnection->tableExists()
#6 /home/frank11/Documents/rojo/CodeIgniter/4223-4030/ExamenS4-4223_4030/system/Database/MigrationRunner.php(173): CodeIgniter\Database\MigrationRunner->ensureTable()
#7 /home/frank11/Documents/rojo/CodeIgniter/4223-4030/ExamenS4-4223_4030/system/Commands/Database/Migrate.php(89): CodeIgniter\Database\MigrationRunner->latest()
#8 /home/frank11/Documents/rojo/CodeIgniter/4223-4030/ExamenS4-4223_4030/system/CLI/SignalTrait.php(245): CodeIgniter\Commands\Database\Migrate::CodeIgniter\Commands\Database\{closure}()
#9 /home/frank11/Documents/rojo/CodeIgniter/4223-4030/ExamenS4-4223_4030/system/Commands/Database/Migrate.php(88): CodeIgniter\Commands\Database\Migrate->withSignalsBlocked()
#10 /home/frank11/Documents/rojo/CodeIgniter/4223-4030/ExamenS4-4223_4030/system/CLI/Commands.php(74): CodeIgniter\Commands\Database\Migrate->run()
#11 /home/frank11/Documents/rojo/CodeIgniter/4223-4030/ExamenS4-4223_4030/system/CLI/Console.php(47): CodeIgniter\CLI\Commands->run()
#12 /home/frank11/Documents/rojo/CodeIgniter/4223-4030/ExamenS4-4223_4030/system/Boot.php(442): CodeIgniter\CLI\Console->run()
#13 /home/frank11/Documents/rojo/CodeIgniter/4223-4030/ExamenS4-4223_4030/system/Boot.php(166): CodeIgniter\Boot::runCommand()
#14 /home/frank11/Documents/rojo/CodeIgniter/4223-4030/ExamenS4-4223_4030/spark(87): CodeIgniter\Boot::bootSpark()
#15 {main}
